==3269== Memcheck, a memory error detector
==3269== Copyright (C) 2002-2015, and GNU GPL'd, by Julian Seward et al.
==3269== Using Valgrind-3.11.0 and LibVEX; rerun with -h for copyright info
==3269== Command: ./HttpServer
==3269== Parent PID: 3268
==3269== 
--3269-- 
--3269-- Valgrind options:
--3269--    -v
--3269--    --tool=memcheck
--3269--    --leak-check=full
--3269--    --num-callers=40
--3269--    --log-file=valgrind_Server.log
--3269-- Contents of /proc/version:
--3269--   Linux version 4.15.0-72-generic (buildd@lcy01-amd64-023) (gcc version 5.4.0 20160609 (Ubuntu 5.4.0-6ubuntu1~16.04.12)) #81~16.04.1-Ubuntu SMP Tue Nov 26 16:34:21 UTC 2019
--3269-- 
--3269-- Arch and hwcaps: AMD64, LittleEndian, amd64-cx16-lzcnt-rdtscp-sse3-avx-avx2-bmi
--3269-- Page sizes: currently 4096, max supported 4096
--3269-- Valgrind library directory: /usr/lib/valgrind
--3269-- Reading syms from /mnt/hgfs/Michealz/WebServer_prog/HttpServer
--3269-- Warning: cross-CU LIMITATION: some inlined fn names
--3269-- might be shown as UnknownInlinedFun
--3269-- Reading syms from /lib/x86_64-linux-gnu/ld-2.23.so
--3269--   Considering /lib/x86_64-linux-gnu/ld-2.23.so ..
--3269--   .. CRC mismatch (computed 10d8ea02 wanted 4fdda1aa)
--3269--   Considering /usr/lib/debug/lib/x86_64-linux-gnu/ld-2.23.so ..
--3269--   .. CRC is valid
--3269-- Reading syms from /usr/lib/valgrind/memcheck-amd64-linux
--3269--   Considering /usr/lib/valgrind/memcheck-amd64-linux ..
--3269--   .. CRC mismatch (computed eea41ea9 wanted 2009db78)
--3269--    object doesn't have a symbol table
--3269--    object doesn't have a dynamic symbol table
--3269-- Scheduler: using generic scheduler lock implementation.
--3269-- Reading suppressions file: /usr/lib/valgrind/default.supp
==3269== embedded gdbserver: reading from /tmp/vgdb-pipe-from-vgdb-to-3269-by-michealz-on-???
==3269== embedded gdbserver: writing to   /tmp/vgdb-pipe-to-vgdb-from-3269-by-michealz-on-???
==3269== embedded gdbserver: shared mem   /tmp/vgdb-pipe-shared-mem-vgdb-3269-by-michealz-on-???
==3269== 
==3269== TO CONTROL THIS PROCESS USING vgdb (which you probably
==3269== don't want to do, unless you know exactly what you're doing,
==3269== or are doing some strange experiment):
==3269==   /usr/lib/valgrind/../../bin/vgdb --pid=3269 ...command...
==3269== 
==3269== TO DEBUG THIS PROCESS USING GDB: start GDB like this
==3269==   /path/to/gdb ./HttpServer
==3269== and then give GDB the following command
==3269==   target remote | /usr/lib/valgrind/../../bin/vgdb --pid=3269
==3269== --pid is optional if only one valgrind process is running
==3269== 
--3269-- REDIR: 0x401cf10 (ld-linux-x86-64.so.2:strlen) redirected to 0x3809e181 (???)
--3269-- Reading syms from /usr/lib/valgrind/vgpreload_core-amd64-linux.so
--3269--   Considering /usr/lib/valgrind/vgpreload_core-amd64-linux.so ..
--3269--   .. CRC mismatch (computed 2567ccf6 wanted 49420590)
--3269--    object doesn't have a symbol table
--3269-- Reading syms from /usr/lib/valgrind/vgpreload_memcheck-amd64-linux.so
--3269--   Considering /usr/lib/valgrind/vgpreload_memcheck-amd64-linux.so ..
--3269--   .. CRC mismatch (computed 0e27c9a8 wanted ac585421)
--3269--    object doesn't have a symbol table
==3269== WARNING: new redirection conflicts with existing -- ignoring it
--3269--     old: 0x0401cf10 (strlen              ) R-> (0000.0) 0x3809e181 ???
--3269--     new: 0x0401cf10 (strlen              ) R-> (2007.0) 0x04c31020 strlen
--3269-- REDIR: 0x401b860 (ld-linux-x86-64.so.2:index) redirected to 0x4c30bc0 (index)
--3269-- REDIR: 0x401ba80 (ld-linux-x86-64.so.2:strcmp) redirected to 0x4c320d0 (strcmp)
--3269-- REDIR: 0x401dc70 (ld-linux-x86-64.so.2:mempcpy) redirected to 0x4c35270 (mempcpy)
--3269-- Reading syms from /lib/x86_64-linux-gnu/libpthread-2.23.so
--3269--   Considering /usr/lib/debug/.build-id/b1/7c21299099640a6d863e423d99265824e7bb16.debug ..
--3269--   .. build-id is valid
--3269-- Reading syms from /usr/lib/x86_64-linux-gnu/libstdc++.so.6.0.21
--3269--   Considering /usr/lib/x86_64-linux-gnu/libstdc++.so.6.0.21 ..
--3269--   .. CRC mismatch (computed eb112249 wanted d0509bc9)
--3269--    object doesn't have a symbol table
--3269-- Reading syms from /lib/x86_64-linux-gnu/libgcc_s.so.1
--3269--   Considering /lib/x86_64-linux-gnu/libgcc_s.so.1 ..
--3269--   .. CRC mismatch (computed b9a68419 wanted 29d51b00)
--3269--    object doesn't have a symbol table
--3269-- Reading syms from /lib/x86_64-linux-gnu/libc-2.23.so
--3269--   Considering /lib/x86_64-linux-gnu/libc-2.23.so ..
--3269--   .. CRC mismatch (computed 10016417 wanted 1f868c97)
--3269--   Considering /usr/lib/debug/lib/x86_64-linux-gnu/libc-2.23.so ..
--3269--   .. CRC is valid
--3269-- Reading syms from /lib/x86_64-linux-gnu/libm-2.23.so
--3269--   Considering /lib/x86_64-linux-gnu/libm-2.23.so ..
--3269--   .. CRC mismatch (computed d1bcd7c2 wanted c6824701)
--3269--   Considering /usr/lib/debug/lib/x86_64-linux-gnu/libm-2.23.so ..
--3269--   .. CRC is valid
--3269-- REDIR: 0x567ea00 (libc.so.6:strcasecmp) redirected to 0x4a286f0 (_vgnU_ifunc_wrapper)
--3269-- REDIR: 0x567a280 (libc.so.6:strcspn) redirected to 0x4a286f0 (_vgnU_ifunc_wrapper)
--3269-- REDIR: 0x5680cf0 (libc.so.6:strncasecmp) redirected to 0x4a286f0 (_vgnU_ifunc_wrapper)
--3269-- REDIR: 0x567c6f0 (libc.so.6:strpbrk) redirected to 0x4a286f0 (_vgnU_ifunc_wrapper)
--3269-- REDIR: 0x567ca80 (libc.so.6:strspn) redirected to 0x4a286f0 (_vgnU_ifunc_wrapper)
--3269-- REDIR: 0x567e14b (libc.so.6:memcpy@GLIBC_2.2.5) redirected to 0x4a286f0 (_vgnU_ifunc_wrapper)
--3269-- REDIR: 0x567c400 (libc.so.6:rindex) redirected to 0x4c308a0 (rindex)
--3269-- REDIR: 0x5673130 (libc.so.6:malloc) redirected to 0x4c2db20 (malloc)
--3269-- REDIR: 0x567a720 (libc.so.6:strlen) redirected to 0x4c30f60 (strlen)
--3269-- REDIR: 0x567dbf0 (libc.so.6:__GI_memcmp) redirected to 0x4c33b90 (__GI_memcmp)
--3269-- REDIR: 0x5678cd0 (libc.so.6:strcmp) redirected to 0x4a286f0 (_vgnU_ifunc_wrapper)
--3269-- REDIR: 0x568e570 (libc.so.6:__strcmp_sse2_unaligned) redirected to 0x4c31f90 (strcmp)
--3269-- REDIR: 0x5685760 (libc.so.6:strchrnul) redirected to 0x4c34da0 (strchrnul)
--3269-- REDIR: 0x50e4e60 (libstdc++.so.6:operator new(unsigned long)) redirected to 0x4c2e080 (operator new(unsigned long))
--3269-- REDIR: 0x567e1b0 (libc.so.6:memset) redirected to 0x4a286f0 (_vgnU_ifunc_wrapper)
--3269-- REDIR: 0x5761970 (libc.so.6:__memset_avx2) redirected to 0x4c344c0 (memset)
--3269-- REDIR: 0x50e2f10 (libstdc++.so.6:operator delete(void*)) redirected to 0x4c2f1e0 (operator delete(void*))
--3269-- REDIR: 0x56833f0 (libc.so.6:memcpy@@GLIBC_2.14) redirected to 0x4a286f0 (_vgnU_ifunc_wrapper)
--3269-- REDIR: 0x573cea0 (libc.so.6:__memcpy_avx_unaligned) redirected to 0x4c324a0 (memcpy@@GLIBC_2.14)
--3269-- REDIR: 0x5673d10 (libc.so.6:calloc) redirected to 0x4c2faa0 (calloc)
--3269-- REDIR: 0x573c9b0 (libc.so.6:__memmove_avx_unaligned) redirected to 0x4c32230 (memcpy@GLIBC_2.2.5)
==3269== 
==3269== Process terminating with default action of signal 2 (SIGINT)
==3269==    at 0x56F6A13: ??? (syscall-template.S:84)
==3269==    by 0x40D2BC: webserver::Epoll::poll(int) (Epoll.cc:33)
==3269==    by 0x407578: webserver::EventLoop::loop() (EventLoop.cc:77)
==3269==    by 0x40276C: main (mainTest.cc:15)
--3269-- REDIR: 0x56734f0 (libc.so.6:free) redirected to 0x4c2ed80 (free)
==3269== 
==3269== HEAP SUMMARY:
==3269==     in use at exit: 79,664 bytes in 83 blocks
==3269==   total heap usage: 150 allocs, 67 frees, 80,744 bytes allocated
==3269== 
==3269== Searching for pointers to 83 not-freed blocks
==3269== Checked 25,293,408 bytes
==3269== 
==3269== 912 bytes in 3 blocks are possibly lost in loss record 41 of 43
==3269==    at 0x4C2FB55: calloc (in /usr/lib/valgrind/vgpreload_memcheck-amd64-linux.so)
==3269==    by 0x40138B4: allocate_dtv (dl-tls.c:322)
==3269==    by 0x40138B4: _dl_allocate_tls (dl-tls.c:539)
==3269==    by 0x4E4226E: allocate_stack (allocatestack.c:588)
==3269==    by 0x4E4226E: pthread_create@@GLIBC_2.2.5 (pthread_create.c:539)
==3269==    by 0x408B53: webserver::Thread::start() (Thread.cc:109)
==3269==    by 0x403053: webserver::EventLoopThread::startLoop() (EventLoopThread.cc:27)
==3269==    by 0x405378: webserver::EventLoopThreadPool::start(std::function<void (webserver::EventLoop*)> const&) (EventLoopThreadPool.cc:34)
==3269==    by 0x40470C: webserver::HttpServer::start() (HttpServer.cc:55)
==3269==    by 0x402762: main (mainTest.cc:13)
==3269== 
==3269== LEAK SUMMARY:
==3269==    definitely lost: 0 bytes in 0 blocks
==3269==    indirectly lost: 0 bytes in 0 blocks
==3269==      possibly lost: 912 bytes in 3 blocks
==3269==    still reachable: 78,752 bytes in 80 blocks
==3269==         suppressed: 0 bytes in 0 blocks
==3269== Reachable blocks (those to which a pointer was found) are not shown.
==3269== To see them, rerun with: --leak-check=full --show-leak-kinds=all
==3269== 
==3269== ERROR SUMMARY: 1 errors from 1 contexts (suppressed: 0 from 0)
==3269== ERROR SUMMARY: 1 errors from 1 contexts (suppressed: 0 from 0)
